<?xml version="1.0" encoding="UTF-8"?>
<testng-results ignored="0" total="3" passed="1" failed="2" skipped="0">
  <reporter-output>
  </reporter-output>
  <suite started-at="2023-12-15T01:38:09 IST" name="test1" finished-at="2023-12-15T01:39:29 IST" duration-ms="80335">
    <groups>
      <group name="cucumber">
        <method signature="AbstractTestNGCucumberTests.runScenario(io.cucumber.testng.PickleWrapper,io.cucumber.testng.FeatureWrapper)[pri:0, instance:com.BooksWagon.Runner.TestRunner3@302c971f]" name="runScenario" class="io.cucumber.testng.AbstractTestNGCucumberTests"/>
      </group> <!-- cucumber -->
    </groups>
    <test started-at="2023-12-15T01:38:09 IST" name="POMframework for Login" finished-at="2023-12-15T01:39:29 IST" duration-ms="80335">
      <class name="com.BooksWagon.Runner.TestRunner3">
        <test-method is-config="true" signature="setUpClass(org.testng.ITestContext)[pri:0, instance:com.BooksWagon.Runner.TestRunner3@302c971f]" started-at="2023-12-15T01:38:10 IST" name="setUpClass" finished-at="2023-12-15T01:38:10 IST" duration-ms="875" status="PASS">
          <params>
            <param index="0">
              <value>
                <![CDATA[org.testng.TestRunner@7282f7b1]]>
              </value>
            </param>
          </params>
          <reporter-output>
          </reporter-output>
        </test-method> <!-- setUpClass -->
        <test-method signature="runScenario(io.cucumber.testng.PickleWrapper,io.cucumber.testng.FeatureWrapper)[pri:0, instance:com.BooksWagon.Runner.TestRunner3@302c971f]" started-at="2023-12-15T01:38:11 IST" name="runScenario" description="Runs Cucumber Scenarios" data-provider="scenarios" finished-at="2023-12-15T01:38:49 IST" duration-ms="38591" status="FAIL">
          <params>
            <param index="0">
              <value>
                <![CDATA["to test the Login page"]]>
              </value>
            </param>
            <param index="1">
              <value>
                <![CDATA["to test the Books Wagon page on chrome browser"]]>
              </value>
            </param>
          </params>
          <exception class="java.lang.AssertionError">
            <message>
              <![CDATA[did not expect [My Account] but found [My Account]]]>
            </message>
            <full-stacktrace>
              <![CDATA[java.lang.AssertionError: did not expect [My Account] but found [My Account]
at org.testng.Assert.fail(Assert.java:110)
at org.testng.Assert.failEquals(Assert.java:1581)
at org.testng.Assert.assertNotEqualsImpl(Assert.java:156)
at org.testng.Assert.assertNotEquals(Assert.java:2197)
at org.testng.Assert.assertNotEquals(Assert.java:2219)
at com.BooksWagon.StepDefinition.LoginFeatureStepDefinition.the_user_hover_my_account_and_clicks_on_logout_button(LoginFeatureStepDefinition.java:72)
at ✽.the User hover My Account and clicks on logout button(file:///C:/Users/USER/eclipse-workspace/BooksWagon-Project/src/test/resources/LoginFeatureBooksWagon.feature:10)
]]>
            </full-stacktrace>
          </exception> <!-- java.lang.AssertionError -->
          <reporter-output>
          </reporter-output>
        </test-method> <!-- runScenario -->
        <test-method signature="runScenario(io.cucumber.testng.PickleWrapper,io.cucumber.testng.FeatureWrapper)[pri:0, instance:com.BooksWagon.Runner.TestRunner3@302c971f]" started-at="2023-12-15T01:38:50 IST" name="runScenario" description="Runs Cucumber Scenarios" data-provider="scenarios" finished-at="2023-12-15T01:39:06 IST" duration-ms="16610" status="PASS">
          <params>
            <param index="0">
              <value>
                <![CDATA["to test the Login page"]]>
              </value>
            </param>
            <param index="1">
              <value>
                <![CDATA["to test the Books Wagon page on chrome browser"]]>
              </value>
            </param>
          </params>
          <reporter-output>
          </reporter-output>
        </test-method> <!-- runScenario -->
        <test-method signature="runScenario(io.cucumber.testng.PickleWrapper,io.cucumber.testng.FeatureWrapper)[pri:0, instance:com.BooksWagon.Runner.TestRunner3@302c971f]" started-at="2023-12-15T01:39:06 IST" name="runScenario" description="Runs Cucumber Scenarios" data-provider="scenarios" finished-at="2023-12-15T01:39:21 IST" duration-ms="14991" status="FAIL">
          <params>
            <param index="0">
              <value>
                <![CDATA["to test the Login page"]]>
              </value>
            </param>
            <param index="1">
              <value>
                <![CDATA["to test the Books Wagon page on chrome browser"]]>
              </value>
            </param>
          </params>
          <exception class="java.lang.AssertionError">
            <message>
              <![CDATA[did not expect [My Account] but found [My Account]]]>
            </message>
            <full-stacktrace>
              <![CDATA[java.lang.AssertionError: did not expect [My Account] but found [My Account]
at org.testng.Assert.fail(Assert.java:110)
at org.testng.Assert.failEquals(Assert.java:1581)
at org.testng.Assert.assertNotEqualsImpl(Assert.java:156)
at org.testng.Assert.assertNotEquals(Assert.java:2197)
at org.testng.Assert.assertNotEquals(Assert.java:2219)
at com.BooksWagon.StepDefinition.LoginFeatureStepDefinition.the_user_hover_my_account_and_clicks_on_logout_button(LoginFeatureStepDefinition.java:72)
at ✽.the User hover My Account and clicks on logout button(file:///C:/Users/USER/eclipse-workspace/BooksWagon-Project/src/test/resources/LoginFeatureBooksWagon.feature:10)
]]>
            </full-stacktrace>
          </exception> <!-- java.lang.AssertionError -->
          <reporter-output>
          </reporter-output>
        </test-method> <!-- runScenario -->
        <test-method is-config="true" signature="tearDownClass()[pri:0, instance:com.BooksWagon.Runner.TestRunner3@302c971f]" started-at="2023-12-15T01:39:22 IST" name="tearDownClass" finished-at="2023-12-15T01:39:29 IST" duration-ms="7481" status="PASS">
          <reporter-output>
          </reporter-output>
        </test-method> <!-- tearDownClass -->
      </class> <!-- com.BooksWagon.Runner.TestRunner3 -->
    </test> <!-- POMframework for Login -->
  </suite> <!-- test1 -->
</testng-results>
